2018-04-25 21:43:57,163 INFO Capture HTML /home/hilines/prjs/HtmlCapture/data/html to /home/hilines/prjs/HtmlCapture/data/result
2018-04-25 21:43:57,253 INFO Capture HTML starting... /home/hilines/prjs/HtmlCapture/data/html
2018-04-25 21:43:58,977 INFO Rendering file:////home/hilines/prjs/HtmlCapture/data/html/AA-201.html
2018-04-25 21:44:05,591 INFO Screenshot /home/hilines/prjs/HtmlCapture/data/result/screenshot/AA-201.png been created
2018-04-25 21:44:05,591 INFO Rendering file:////home/hilines/prjs/HtmlCapture/data/html/AA-187.html
2018-04-25 21:44:09,659 INFO Screenshot /home/hilines/prjs/HtmlCapture/data/result/screenshot/AA-187.png been created
2018-04-25 21:44:09,659 INFO Rendering file:////home/hilines/prjs/HtmlCapture/data/html/AA-200.html
2018-04-25 21:44:12,630 INFO Screenshot /home/hilines/prjs/HtmlCapture/data/result/screenshot/AA-200.png been created
2018-04-25 21:44:12,687 INFO Capture HTML end /home/hilines/prjs/HtmlCapture/data/result/screenshot
2018-04-25 21:44:12,687 INFO Crop starting... /home/hilines/prjs/HtmlCapture/data/result/screenshot
2018-04-25 21:44:12,818 INFO crop to /home/hilines/prjs/HtmlCapture/data/result/AA-200/Material/AA-200_1.jpeg
2018-04-25 21:44:12,870 INFO crop to /home/hilines/prjs/HtmlCapture/data/result/AA-200/Material/AA-200_2.jpeg
2018-04-25 21:44:12,893 INFO crop to /home/hilines/prjs/HtmlCapture/data/result/AA-200/Material/AA-200_3.jpeg
2018-04-25 21:44:13,039 INFO crop to /home/hilines/prjs/HtmlCapture/data/result/AA-187/Material/AA-187_1.jpeg
2018-04-25 21:44:13,084 INFO crop to /home/hilines/prjs/HtmlCapture/data/result/AA-187/Material/AA-187_2.jpeg
2018-04-25 21:44:13,130 INFO crop to /home/hilines/prjs/HtmlCapture/data/result/AA-187/Material/AA-187_3.jpeg
2018-04-25 21:44:13,131 INFO crop to /home/hilines/prjs/HtmlCapture/data/result/AA-187/Material/AA-187_4.jpeg
2018-04-25 21:44:13,360 INFO crop to /home/hilines/prjs/HtmlCapture/data/result/AA-201/Material/AA-201_1.jpeg
2018-04-25 21:44:13,406 INFO crop to /home/hilines/prjs/HtmlCapture/data/result/AA-201/Material/AA-201_2.jpeg
2018-04-25 21:44:13,450 INFO crop to /home/hilines/prjs/HtmlCapture/data/result/AA-201/Material/AA-201_3.jpeg
2018-04-25 21:44:13,496 INFO crop to /home/hilines/prjs/HtmlCapture/data/result/AA-201/Material/AA-201_4.jpeg
2018-04-25 21:44:13,542 INFO crop to /home/hilines/prjs/HtmlCapture/data/result/AA-201/Material/AA-201_5.jpeg
2018-04-25 21:44:13,563 INFO crop to /home/hilines/prjs/HtmlCapture/data/result/AA-201/Material/AA-201_6.jpeg
2018-04-25 21:44:13,564 INFO Crop end /home/hilines/prjs/HtmlCapture/data/result
2018-04-25 21:44:13,952 INFO RESULT_FILE:/home/hilines/prjs/HtmlCapture/web/dist/static/html-mini_result.zip
2018-04-25 21:44:13,952 INFO --ALL DONE--
